Starting Dapr with id tapr-2023-equipe3-professor-javascript. HTTP Port: 38617. gRPC Port: 33971
Updating metadata for cliPID: 51841
time="2023-12-04T01:04:07.492077728Z" level=info msg="Starting Dapr Runtime -- version 1.12.2 -- commit f954254ed520409602024ea6d507d0405afa1f07" app_id=tapr-2023-equipe3-professor-javascript instance=codespaces-d5d1e1 scope=dapr.runtime type=log ver=1.12.2
time="2023-12-04T01:04:07.492138121Z" level=info msg="Log level set to: info" app_id=tapr-2023-equipe3-professor-javascript instance=codespaces-d5d1e1 scope=dapr.runtime type=log ver=1.12.2
time="2023-12-04T01:04:07.492388077Z" level=warning msg="mTLS is disabled. Skipping certificate request and tls validation" app_id=tapr-2023-equipe3-professor-javascript instance=codespaces-d5d1e1 scope=dapr.runtime.security type=log ver=1.12.2
time="2023-12-04T01:04:07.493780843Z" level=info msg="metrics server started on :43435/" app_id=tapr-2023-equipe3-professor-javascript instance=codespaces-d5d1e1 scope=dapr.runtime type=log ver=1.12.2
time="2023-12-04T01:04:07.494080461Z" level=info msg="standalone mode configured" app_id=tapr-2023-equipe3-professor-javascript instance=codespaces-d5d1e1 scope=dapr.runtime type=log ver=1.12.2
time="2023-12-04T01:04:07.494137267Z" level=info msg="app id: tapr-2023-equipe3-professor-javascript" app_id=tapr-2023-equipe3-professor-javascript instance=codespaces-d5d1e1 scope=dapr.runtime type=log ver=1.12.2
time="2023-12-04T01:04:07.494215984Z" level=info msg="Dapr trace sampler initialized: DaprTraceSampler(P=1.000000)" app_id=tapr-2023-equipe3-professor-javascript instance=codespaces-d5d1e1 scope=dapr.runtime type=log ver=1.12.2
time="2023-12-04T01:04:07.494720906Z" level=info msg="local service entry announced: tapr-2023-equipe3-professor-javascript -> 172.16.5.4:35519" app_id=tapr-2023-equipe3-professor-javascript component="mdns (nameResolution/v1)" instance=codespaces-d5d1e1 scope=dapr.contrib type=log ver=1.12.2
time="2023-12-04T01:04:07.494772482Z" level=info msg="Initialized name resolution to mdns" app_id=tapr-2023-equipe3-professor-javascript instance=codespaces-d5d1e1 scope=dapr.runtime type=log ver=1.12.2
time="2023-12-04T01:04:07.494857119Z" level=info msg="Loading components…" app_id=tapr-2023-equipe3-professor-javascript instance=codespaces-d5d1e1 scope=dapr.runtime type=log ver=1.12.2
time="2023-12-04T01:04:07.495564728Z" level=info msg="Waiting for all outstanding components to be processed…" app_id=tapr-2023-equipe3-professor-javascript instance=codespaces-d5d1e1 scope=dapr.runtime type=log ver=1.12.2
time="2023-12-04T01:04:10.504384654Z" level=info msg="Component loaded: servicebus-pubsub (pubsub.azure.servicebus.topics/v1)" app_id=tapr-2023-equipe3-professor-javascript instance=codespaces-d5d1e1 scope=dapr.runtime type=log ver=1.12.2
time="2023-12-04T01:04:10.504516169Z" level=info msg="All outstanding components processed" app_id=tapr-2023-equipe3-professor-javascript instance=codespaces-d5d1e1 scope=dapr.runtime type=log ver=1.12.2
time="2023-12-04T01:04:10.504559891Z" level=info msg="Loading endpoints…" app_id=tapr-2023-equipe3-professor-javascript instance=codespaces-d5d1e1 scope=dapr.runtime type=log ver=1.12.2
time="2023-12-04T01:04:10.504853668Z" level=info msg="Waiting for all outstanding http endpoints to be processed…" app_id=tapr-2023-equipe3-professor-javascript instance=codespaces-d5d1e1 scope=dapr.runtime type=log ver=1.12.2
time="2023-12-04T01:04:10.504907689Z" level=info msg="All outstanding http endpoints processed" app_id=tapr-2023-equipe3-professor-javascript instance=codespaces-d5d1e1 scope=dapr.runtime type=log ver=1.12.2
time="2023-12-04T01:04:10.525461863Z" level=info msg="gRPC server listening on TCP address: :33971" app_id=tapr-2023-equipe3-professor-javascript instance=codespaces-d5d1e1 scope=dapr.runtime.grpc.api type=log ver=1.12.2
time="2023-12-04T01:04:10.525557882Z" level=info msg="Enabled gRPC tracing middleware" app_id=tapr-2023-equipe3-professor-javascript instance=codespaces-d5d1e1 scope=dapr.runtime.grpc.api type=log ver=1.12.2
time="2023-12-04T01:04:10.52559396Z" level=info msg="Enabled gRPC metrics middleware" app_id=tapr-2023-equipe3-professor-javascript instance=codespaces-d5d1e1 scope=dapr.runtime.grpc.api type=log ver=1.12.2
time="2023-12-04T01:04:10.525750672Z" level=info msg="Registering workflow engine for gRPC endpoint: [::]:33971" app_id=tapr-2023-equipe3-professor-javascript instance=codespaces-d5d1e1 scope=dapr.runtime.grpc.api type=log ver=1.12.2
time="2023-12-04T01:04:10.526402276Z" level=info msg="API gRPC server is running on port 33971" app_id=tapr-2023-equipe3-professor-javascript instance=codespaces-d5d1e1 scope=dapr.runtime type=log ver=1.12.2
time="2023-12-04T01:04:10.531042887Z" level=info msg="Enabled max body size HTTP middleware with size 4 MB" app_id=tapr-2023-equipe3-professor-javascript instance=codespaces-d5d1e1 scope=dapr.runtime.http type=log ver=1.12.2
time="2023-12-04T01:04:10.531106125Z" level=info msg="Enabled tracing HTTP middleware" app_id=tapr-2023-equipe3-professor-javascript instance=codespaces-d5d1e1 scope=dapr.runtime.http type=log ver=1.12.2
time="2023-12-04T01:04:10.531140329Z" level=info msg="Enabled metrics HTTP middleware" app_id=tapr-2023-equipe3-professor-javascript instance=codespaces-d5d1e1 scope=dapr.runtime.http type=log ver=1.12.2
time="2023-12-04T01:04:10.531521169Z" level=info msg="HTTP server listening on TCP address: :38617" app_id=tapr-2023-equipe3-professor-javascript instance=codespaces-d5d1e1 scope=dapr.runtime.http type=log ver=1.12.2
time="2023-12-04T01:04:10.531577203Z" level=info msg="HTTP server is running on port 38617" app_id=tapr-2023-equipe3-professor-javascript instance=codespaces-d5d1e1 scope=dapr.runtime type=log ver=1.12.2
time="2023-12-04T01:04:10.531665277Z" level=info msg="The request body size parameter is: 4" app_id=tapr-2023-equipe3-professor-javascript instance=codespaces-d5d1e1 scope=dapr.runtime type=log ver=1.12.2
time="2023-12-04T01:04:10.531726071Z" level=info msg="gRPC server listening on TCP address: :35519" app_id=tapr-2023-equipe3-professor-javascript instance=codespaces-d5d1e1 scope=dapr.runtime.grpc.internal type=log ver=1.12.2
time="2023-12-04T01:04:10.5317687Z" level=info msg="Enabled gRPC tracing middleware" app_id=tapr-2023-equipe3-professor-javascript instance=codespaces-d5d1e1 scope=dapr.runtime.grpc.internal type=log ver=1.12.2
time="2023-12-04T01:04:10.531801652Z" level=info msg="Enabled gRPC metrics middleware" app_id=tapr-2023-equipe3-professor-javascript instance=codespaces-d5d1e1 scope=dapr.runtime.grpc.internal type=log ver=1.12.2
time="2023-12-04T01:04:10.531877022Z" level=info msg="Internal gRPC server is running on port 35519" app_id=tapr-2023-equipe3-professor-javascript instance=codespaces-d5d1e1 scope=dapr.runtime type=log ver=1.12.2
time="2023-12-04T01:04:10.532374359Z" level=info msg="application protocol: http. waiting on port 3000.  This will block until the app is listening on that port." app_id=tapr-2023-equipe3-professor-javascript instance=codespaces-d5d1e1 scope=dapr.runtime type=log ver=1.12.2
Updating metadata for app command: npm run dev
Updating metadata for appPID: 51879
You're up and running! Dapr logs will appear here.


termination signal received: shutting down
Exited Dapr successfully
Exited App successfully
